Sun 20 Jul 2025 19:46:03 INFO  yelp-2021
The number of users: 135868
Average actions of users: 28.38827677066543
The number of items: 68825
Average actions of items: 56.041933046611646
The number of inters: 3857030
The sparsity of the dataset: 99.95875326141585%
Remain Fields: ['user_id', 'item_id']
Sun 20 Jul 2025 19:46:09 INFO  [Training]: train_batch_size = [8192] train_neg_sample_args: [{'distribution': 'uniform', 'sample_num': 1, 'alpha': 1.0, 'dynamic': False, 'candidate_num': 0}]
Sun 20 Jul 2025 19:46:09 INFO  [Evaluation]: eval_batch_size = [8192] eval_args: [{'split': {'RS': [0.8, 0.1, 0.1]}, 'order': 'RO', 'group_by': 'none', 'mode': {'valid': 'full', 'test': 'full'}}]
Sun 20 Jul 2025 19:46:10 INFO  BPR(
  (user_embedding): Embedding(135868, 64)
  (item_embedding): Embedding(68825, 64)
  (loss): BPRLoss()
)
Trainable parameters: 13100352
Sun 20 Jul 2025 19:46:10 INFO  FLOPs: 128.0
Sun 20 Jul 2025 19:46:17 INFO  epoch 0 training [time: 4.51s, train loss: 245.2107]
Sun 20 Jul 2025 19:46:21 INFO  epoch 1 training [time: 4.11s, train loss: 128.9204]
Sun 20 Jul 2025 19:46:25 INFO  epoch 2 training [time: 4.14s, train loss: 73.2823]
Sun 20 Jul 2025 19:46:29 INFO  epoch 3 training [time: 4.19s, train loss: 54.6085]
Sun 20 Jul 2025 19:46:33 INFO  epoch 4 training [time: 4.22s, train loss: 45.6452]
Sun 20 Jul 2025 19:47:53 INFO  epoch 4 evaluating [time: 79.98s, valid_score: 0.029500]
Sun 20 Jul 2025 19:47:53 INFO  valid result: 
recall@10 : 0.0267    mrr@10 : 0.0295    ndcg@10 : 0.0193    hit@10 : 0.0758    precision@10 : 0.0084    map@10 : 0.0107    averagepopularity@10 : 1123.1949
Sun 20 Jul 2025 19:47:54 INFO  Saving current: saved/BPR-Jul-20-2025_19-46-12.pth
Sun 20 Jul 2025 19:47:58 INFO  epoch 5 training [time: 4.54s, train loss: 40.4419]
Sun 20 Jul 2025 19:48:02 INFO  epoch 6 training [time: 4.09s, train loss: 37.2861]
Sun 20 Jul 2025 19:48:06 INFO  epoch 7 training [time: 4.26s, train loss: 34.8481]
Sun 20 Jul 2025 19:48:11 INFO  epoch 8 training [time: 4.14s, train loss: 33.0138]
Sun 20 Jul 2025 19:48:15 INFO  epoch 9 training [time: 4.06s, train loss: 31.6004]
Sun 20 Jul 2025 19:49:34 INFO  epoch 9 evaluating [time: 79.55s, valid_score: 0.030300]
Sun 20 Jul 2025 19:49:34 INFO  valid result: 
recall@10 : 0.0276    mrr@10 : 0.0303    ndcg@10 : 0.0198    hit@10 : 0.0786    precision@10 : 0.0087    map@10 : 0.0109    averagepopularity@10 : 1066.5614
Sun 20 Jul 2025 19:49:34 INFO  Saving current: saved/BPR-Jul-20-2025_19-46-12.pth
Sun 20 Jul 2025 19:49:39 INFO  epoch 10 training [time: 4.71s, train loss: 30.4277]
Sun 20 Jul 2025 19:49:43 INFO  epoch 11 training [time: 4.21s, train loss: 29.3884]
Sun 20 Jul 2025 19:49:47 INFO  epoch 12 training [time: 4.01s, train loss: 28.4505]
Sun 20 Jul 2025 19:49:51 INFO  epoch 13 training [time: 4.09s, train loss: 27.6099]
Sun 20 Jul 2025 19:49:56 INFO  epoch 14 training [time: 4.36s, train loss: 26.7194]
Sun 20 Jul 2025 19:51:15 INFO  epoch 14 evaluating [time: 79.70s, valid_score: 0.031200]
Sun 20 Jul 2025 19:51:15 INFO  valid result: 
recall@10 : 0.0293    mrr@10 : 0.0312    ndcg@10 : 0.0206    hit@10 : 0.0831    precision@10 : 0.0092    map@10 : 0.0112    averagepopularity@10 : 984.725
Sun 20 Jul 2025 19:51:16 INFO  Saving current: saved/BPR-Jul-20-2025_19-46-12.pth
Sun 20 Jul 2025 19:51:21 INFO  epoch 15 training [time: 5.14s, train loss: 26.0259]
Sun 20 Jul 2025 19:51:25 INFO  epoch 16 training [time: 4.29s, train loss: 25.2937]
Sun 20 Jul 2025 19:51:29 INFO  epoch 17 training [time: 4.33s, train loss: 24.6347]
Sun 20 Jul 2025 19:51:34 INFO  epoch 18 training [time: 4.36s, train loss: 24.0431]
Sun 20 Jul 2025 19:51:38 INFO  epoch 19 training [time: 4.65s, train loss: 23.5394]
Sun 20 Jul 2025 19:52:59 INFO  epoch 19 evaluating [time: 80.82s, valid_score: 0.032700]
Sun 20 Jul 2025 19:52:59 INFO  valid result: 
recall@10 : 0.0309    mrr@10 : 0.0327    ndcg@10 : 0.0218    hit@10 : 0.0873    precision@10 : 0.0097    map@10 : 0.0119    averagepopularity@10 : 945.2634
Sun 20 Jul 2025 19:52:59 INFO  Saving current: saved/BPR-Jul-20-2025_19-46-12.pth
Sun 20 Jul 2025 19:53:04 INFO  epoch 20 training [time: 4.36s, train loss: 22.9393]
Sun 20 Jul 2025 19:53:08 INFO  epoch 21 training [time: 4.09s, train loss: 22.3835]
Sun 20 Jul 2025 19:53:12 INFO  epoch 22 training [time: 4.14s, train loss: 21.7706]
Sun 20 Jul 2025 19:53:16 INFO  epoch 23 training [time: 4.00s, train loss: 21.3092]
Sun 20 Jul 2025 19:53:20 INFO  epoch 24 training [time: 4.06s, train loss: 20.8539]
Sun 20 Jul 2025 19:54:40 INFO  epoch 24 evaluating [time: 80.35s, valid_score: 0.034000]
Sun 20 Jul 2025 19:54:40 INFO  valid result: 
recall@10 : 0.0321    mrr@10 : 0.034    ndcg@10 : 0.0226    hit@10 : 0.0916    precision@10 : 0.0103    map@10 : 0.0122    averagepopularity@10 : 915.6122
Sun 20 Jul 2025 19:54:41 INFO  Saving current: saved/BPR-Jul-20-2025_19-46-12.pth
Sun 20 Jul 2025 19:54:46 INFO  epoch 25 training [time: 5.08s, train loss: 20.2693]
Sun 20 Jul 2025 19:54:50 INFO  epoch 26 training [time: 4.17s, train loss: 19.7934]
Sun 20 Jul 2025 19:54:54 INFO  epoch 27 training [time: 4.27s, train loss: 19.3786]
Sun 20 Jul 2025 19:54:58 INFO  epoch 28 training [time: 4.29s, train loss: 19.0250]
Sun 20 Jul 2025 19:55:03 INFO  epoch 29 training [time: 4.42s, train loss: 18.5796]
Sun 20 Jul 2025 19:56:25 INFO  epoch 29 evaluating [time: 82.43s, valid_score: 0.035100]
Sun 20 Jul 2025 19:56:25 INFO  valid result: 
recall@10 : 0.0335    mrr@10 : 0.0351    ndcg@10 : 0.0235    hit@10 : 0.0958    precision@10 : 0.0108    map@10 : 0.0126    averagepopularity@10 : 845.0533
Sun 20 Jul 2025 19:56:26 INFO  Saving current: saved/BPR-Jul-20-2025_19-46-12.pth
Sun 20 Jul 2025 19:56:31 INFO  epoch 30 training [time: 5.41s, train loss: 18.1456]
Sun 20 Jul 2025 19:56:38 INFO  epoch 31 training [time: 7.18s, train loss: 17.8508]
Sun 20 Jul 2025 19:56:45 INFO  epoch 32 training [time: 7.26s, train loss: 17.4724]
Sun 20 Jul 2025 19:56:52 INFO  epoch 33 training [time: 6.57s, train loss: 17.1078]
Sun 20 Jul 2025 19:56:58 INFO  epoch 34 training [time: 6.15s, train loss: 16.6491]
Sun 20 Jul 2025 19:58:30 INFO  epoch 34 evaluating [time: 92.27s, valid_score: 0.037700]
Sun 20 Jul 2025 19:58:30 INFO  valid result: 
recall@10 : 0.0354    mrr@10 : 0.0377    ndcg@10 : 0.0251    hit@10 : 0.1002    precision@10 : 0.0114    map@10 : 0.0137    averagepopularity@10 : 834.1436
Sun 20 Jul 2025 19:58:31 INFO  Saving current: saved/BPR-Jul-20-2025_19-46-12.pth
Sun 20 Jul 2025 19:58:35 INFO  epoch 35 training [time: 4.91s, train loss: 16.3138]
Sun 20 Jul 2025 19:58:41 INFO  epoch 36 training [time: 5.12s, train loss: 15.9780]
Sun 20 Jul 2025 19:58:46 INFO  epoch 37 training [time: 5.34s, train loss: 15.7507]
Sun 20 Jul 2025 19:58:51 INFO  epoch 38 training [time: 5.11s, train loss: 15.3932]
Sun 20 Jul 2025 19:58:56 INFO  epoch 39 training [time: 4.70s, train loss: 15.1327]
Sun 20 Jul 2025 20:00:24 INFO  epoch 39 evaluating [time: 88.34s, valid_score: 0.039900]
Sun 20 Jul 2025 20:00:24 INFO  valid result: 
recall@10 : 0.0371    mrr@10 : 0.0399    ndcg@10 : 0.0266    hit@10 : 0.1056    precision@10 : 0.012    map@10 : 0.0145    averagepopularity@10 : 801.2806
Sun 20 Jul 2025 20:00:24 INFO  Saving current: saved/BPR-Jul-20-2025_19-46-12.pth
Sun 20 Jul 2025 20:00:31 INFO  epoch 40 training [time: 6.61s, train loss: 14.7539]
Sun 20 Jul 2025 20:00:39 INFO  epoch 41 training [time: 8.49s, train loss: 14.5818]
Sun 20 Jul 2025 20:00:47 INFO  epoch 42 training [time: 7.58s, train loss: 14.2516]
Sun 20 Jul 2025 20:00:55 INFO  epoch 43 training [time: 8.27s, train loss: 14.0422]
Sun 20 Jul 2025 20:01:05 INFO  epoch 44 training [time: 9.91s, train loss: 13.7338]
Sun 20 Jul 2025 20:02:41 INFO  epoch 44 evaluating [time: 96.10s, valid_score: 0.041000]
Sun 20 Jul 2025 20:02:41 INFO  valid result: 
recall@10 : 0.038    mrr@10 : 0.041    ndcg@10 : 0.0272    hit@10 : 0.1076    precision@10 : 0.0123    map@10 : 0.0149    averagepopularity@10 : 759.5902
Sun 20 Jul 2025 20:02:41 INFO  Saving current: saved/BPR-Jul-20-2025_19-46-12.pth
Sun 20 Jul 2025 20:02:47 INFO  epoch 45 training [time: 5.99s, train loss: 13.4601]
Sun 20 Jul 2025 20:02:54 INFO  epoch 46 training [time: 6.42s, train loss: 13.1631]
Sun 20 Jul 2025 20:03:02 INFO  epoch 47 training [time: 7.90s, train loss: 13.0239]
Sun 20 Jul 2025 20:03:09 INFO  epoch 48 training [time: 7.11s, train loss: 12.8254]
Sun 20 Jul 2025 20:03:16 INFO  epoch 49 training [time: 6.81s, train loss: 12.5435]
Sun 20 Jul 2025 20:04:54 INFO  epoch 49 evaluating [time: 98.38s, valid_score: 0.041300]
Sun 20 Jul 2025 20:04:54 INFO  valid result: 
recall@10 : 0.0394    mrr@10 : 0.0413    ndcg@10 : 0.0278    hit@10 : 0.1104    precision@10 : 0.0126    map@10 : 0.0151    averagepopularity@10 : 720.1726
Sun 20 Jul 2025 20:04:54 INFO  Saving current: saved/BPR-Jul-20-2025_19-46-12.pth
Sun 20 Jul 2025 20:05:02 INFO  epoch 50 training [time: 7.72s, train loss: 12.3744]
Sun 20 Jul 2025 20:05:11 INFO  epoch 51 training [time: 9.25s, train loss: 12.0909]
Sun 20 Jul 2025 20:05:21 INFO  epoch 52 training [time: 9.88s, train loss: 11.9748]
Sun 20 Jul 2025 20:05:31 INFO  epoch 53 training [time: 10.04s, train loss: 11.7648]
Sun 20 Jul 2025 20:05:41 INFO  epoch 54 training [time: 10.12s, train loss: 11.4600]
Sun 20 Jul 2025 20:07:13 INFO  epoch 54 evaluating [time: 92.12s, valid_score: 0.043300]
Sun 20 Jul 2025 20:07:13 INFO  valid result: 
recall@10 : 0.0402    mrr@10 : 0.0433    ndcg@10 : 0.0288    hit@10 : 0.1128    precision@10 : 0.013    map@10 : 0.0158    averagepopularity@10 : 708.3798
Sun 20 Jul 2025 20:07:14 INFO  Saving current: saved/BPR-Jul-20-2025_19-46-12.pth
Sun 20 Jul 2025 20:07:22 INFO  epoch 55 training [time: 7.53s, train loss: 11.3309]
Sun 20 Jul 2025 20:07:28 INFO  epoch 56 training [time: 6.77s, train loss: 11.0917]
Sun 20 Jul 2025 20:07:35 INFO  epoch 57 training [time: 7.00s, train loss: 10.9194]
Sun 20 Jul 2025 20:07:43 INFO  epoch 58 training [time: 7.25s, train loss: 10.7559]
Sun 20 Jul 2025 20:07:49 INFO  epoch 59 training [time: 6.76s, train loss: 10.6453]
Sun 20 Jul 2025 20:09:21 INFO  epoch 59 evaluating [time: 91.23s, valid_score: 0.044400]
Sun 20 Jul 2025 20:09:21 INFO  valid result: 
recall@10 : 0.0418    mrr@10 : 0.0444    ndcg@10 : 0.0297    hit@10 : 0.1173    precision@10 : 0.0135    map@10 : 0.0163    averagepopularity@10 : 688.912
Sun 20 Jul 2025 20:09:21 INFO  Saving current: saved/BPR-Jul-20-2025_19-46-12.pth
Sun 20 Jul 2025 20:09:30 INFO  epoch 60 training [time: 9.40s, train loss: 10.4049]
Sun 20 Jul 2025 20:09:39 INFO  epoch 61 training [time: 8.24s, train loss: 10.2473]
Sun 20 Jul 2025 20:09:46 INFO  epoch 62 training [time: 7.41s, train loss: 10.1369]
Sun 20 Jul 2025 20:09:54 INFO  epoch 63 training [time: 8.06s, train loss: 9.9267]
Sun 20 Jul 2025 20:10:02 INFO  epoch 64 training [time: 8.12s, train loss: 9.7903]
Sun 20 Jul 2025 20:11:39 INFO  epoch 64 evaluating [time: 96.69s, valid_score: 0.045400]
Sun 20 Jul 2025 20:11:39 INFO  valid result: 
recall@10 : 0.0425    mrr@10 : 0.0454    ndcg@10 : 0.0305    hit@10 : 0.119    precision@10 : 0.0138    map@10 : 0.0169    averagepopularity@10 : 643.7831
Sun 20 Jul 2025 20:11:39 INFO  Saving current: saved/BPR-Jul-20-2025_19-46-12.pth
Sun 20 Jul 2025 20:11:51 INFO  epoch 65 training [time: 11.68s, train loss: 9.6433]
Sun 20 Jul 2025 20:12:02 INFO  epoch 66 training [time: 11.34s, train loss: 9.5315]
Sun 20 Jul 2025 20:12:13 INFO  epoch 67 training [time: 10.98s, train loss: 9.3252]
Sun 20 Jul 2025 20:12:26 INFO  epoch 68 training [time: 13.11s, train loss: 9.2037]
Sun 20 Jul 2025 20:12:38 INFO  epoch 69 training [time: 12.24s, train loss: 9.1924]
Sun 20 Jul 2025 20:14:19 INFO  epoch 69 evaluating [time: 100.58s, valid_score: 0.046500]
Sun 20 Jul 2025 20:14:19 INFO  valid result: 
recall@10 : 0.0432    mrr@10 : 0.0465    ndcg@10 : 0.031    hit@10 : 0.1211    precision@10 : 0.014    map@10 : 0.0171    averagepopularity@10 : 631.0373
Sun 20 Jul 2025 20:14:19 INFO  Saving current: saved/BPR-Jul-20-2025_19-46-12.pth
Sun 20 Jul 2025 20:14:30 INFO  epoch 70 training [time: 10.78s, train loss: 8.9817]
Sun 20 Jul 2025 20:14:40 INFO  epoch 71 training [time: 10.14s, train loss: 8.8115]
Sun 20 Jul 2025 20:14:51 INFO  epoch 72 training [time: 10.69s, train loss: 8.7758]
Sun 20 Jul 2025 20:15:00 INFO  epoch 73 training [time: 9.58s, train loss: 8.5121]
Sun 20 Jul 2025 20:15:07 INFO  epoch 74 training [time: 7.11s, train loss: 8.4998]
Sun 20 Jul 2025 20:16:39 INFO  epoch 74 evaluating [time: 91.05s, valid_score: 0.047400]
Sun 20 Jul 2025 20:16:39 INFO  valid result: 
recall@10 : 0.0446    mrr@10 : 0.0474    ndcg@10 : 0.0319    hit@10 : 0.1243    precision@10 : 0.0144    map@10 : 0.0176    averagepopularity@10 : 615.9797
Sun 20 Jul 2025 20:16:39 INFO  Saving current: saved/BPR-Jul-20-2025_19-46-12.pth
Sun 20 Jul 2025 20:16:50 INFO  epoch 75 training [time: 10.89s, train loss: 8.3816]
Sun 20 Jul 2025 20:17:01 INFO  epoch 76 training [time: 11.83s, train loss: 8.2327]
Sun 20 Jul 2025 20:17:14 INFO  epoch 77 training [time: 12.80s, train loss: 8.1248]
Sun 20 Jul 2025 20:17:26 INFO  epoch 78 training [time: 11.54s, train loss: 7.9613]
Sun 20 Jul 2025 20:17:39 INFO  epoch 79 training [time: 13.37s, train loss: 7.8954]
Sun 20 Jul 2025 20:19:17 INFO  epoch 79 evaluating [time: 98.14s, valid_score: 0.048300]
Sun 20 Jul 2025 20:19:17 INFO  valid result: 
recall@10 : 0.0458    mrr@10 : 0.0483    ndcg@10 : 0.0326    hit@10 : 0.1261    precision@10 : 0.0146    map@10 : 0.018    averagepopularity@10 : 606.2147
Sun 20 Jul 2025 20:19:18 INFO  Saving current: saved/BPR-Jul-20-2025_19-46-12.pth
Sun 20 Jul 2025 20:19:26 INFO  epoch 80 training [time: 8.29s, train loss: 7.7732]
Sun 20 Jul 2025 20:19:34 INFO  epoch 81 training [time: 8.08s, train loss: 7.6903]
Sun 20 Jul 2025 20:19:43 INFO  epoch 82 training [time: 8.81s, train loss: 7.6146]
Sun 20 Jul 2025 20:19:51 INFO  epoch 83 training [time: 8.53s, train loss: 7.5159]
Sun 20 Jul 2025 20:20:00 INFO  epoch 84 training [time: 8.86s, train loss: 7.4408]
Sun 20 Jul 2025 20:21:36 INFO  epoch 84 evaluating [time: 95.42s, valid_score: 0.048700]
Sun 20 Jul 2025 20:21:36 INFO  valid result: 
recall@10 : 0.0468    mrr@10 : 0.0487    ndcg@10 : 0.0331    hit@10 : 0.1289    precision@10 : 0.015    map@10 : 0.0182    averagepopularity@10 : 584.435
Sun 20 Jul 2025 20:21:36 INFO  Saving current: saved/BPR-Jul-20-2025_19-46-12.pth
Sun 20 Jul 2025 20:21:45 INFO  epoch 85 training [time: 9.75s, train loss: 7.3000]
Sun 20 Jul 2025 20:21:55 INFO  epoch 86 training [time: 9.21s, train loss: 7.1794]
Sun 20 Jul 2025 20:22:04 INFO  epoch 87 training [time: 9.75s, train loss: 7.0698]
Sun 20 Jul 2025 20:22:14 INFO  epoch 88 training [time: 9.55s, train loss: 6.9990]
Sun 20 Jul 2025 20:22:23 INFO  epoch 89 training [time: 8.91s, train loss: 6.9213]
Sun 20 Jul 2025 20:23:54 INFO  epoch 89 evaluating [time: 91.51s, valid_score: 0.049700]
Sun 20 Jul 2025 20:23:54 INFO  valid result: 
recall@10 : 0.047    mrr@10 : 0.0497    ndcg@10 : 0.0335    hit@10 : 0.1294    precision@10 : 0.0151    map@10 : 0.0184    averagepopularity@10 : 566.4962
Sun 20 Jul 2025 20:23:55 INFO  Saving current: saved/BPR-Jul-20-2025_19-46-12.pth
Sun 20 Jul 2025 20:24:02 INFO  epoch 90 training [time: 7.17s, train loss: 6.8350]
Sun 20 Jul 2025 20:24:08 INFO  epoch 91 training [time: 6.59s, train loss: 6.8235]
Sun 20 Jul 2025 20:24:15 INFO  epoch 92 training [time: 6.30s, train loss: 6.6736]
Sun 20 Jul 2025 20:24:21 INFO  epoch 93 training [time: 6.51s, train loss: 6.6033]
Sun 20 Jul 2025 20:24:27 INFO  epoch 94 training [time: 6.22s, train loss: 6.5743]
Sun 20 Jul 2025 20:25:59 INFO  epoch 94 evaluating [time: 91.95s, valid_score: 0.050100]
Sun 20 Jul 2025 20:25:59 INFO  valid result: 
recall@10 : 0.0475    mrr@10 : 0.0501    ndcg@10 : 0.0338    hit@10 : 0.1302    precision@10 : 0.0152    map@10 : 0.0187    averagepopularity@10 : 550.9667
Sun 20 Jul 2025 20:26:00 INFO  Saving current: saved/BPR-Jul-20-2025_19-46-12.pth
Sun 20 Jul 2025 20:26:07 INFO  epoch 95 training [time: 7.54s, train loss: 6.5132]
Sun 20 Jul 2025 20:26:15 INFO  epoch 96 training [time: 7.63s, train loss: 6.4201]
Sun 20 Jul 2025 20:26:25 INFO  epoch 97 training [time: 9.89s, train loss: 6.3664]
Sun 20 Jul 2025 20:26:32 INFO  epoch 98 training [time: 7.02s, train loss: 6.2619]
Sun 20 Jul 2025 20:26:40 INFO  epoch 99 training [time: 8.38s, train loss: 6.1468]
Sun 20 Jul 2025 20:28:25 INFO  epoch 99 evaluating [time: 104.51s, valid_score: 0.051000]
Sun 20 Jul 2025 20:28:25 INFO  valid result: 
recall@10 : 0.0479    mrr@10 : 0.051    ndcg@10 : 0.0343    hit@10 : 0.1315    precision@10 : 0.0154    map@10 : 0.019    averagepopularity@10 : 548.3585
Sun 20 Jul 2025 20:28:25 INFO  Saving current: saved/BPR-Jul-20-2025_19-46-12.pth
Sun 20 Jul 2025 20:28:33 INFO  epoch 100 training [time: 8.30s, train loss: 6.1228]
Sun 20 Jul 2025 20:28:43 INFO  epoch 101 training [time: 9.54s, train loss: 5.9900]
Sun 20 Jul 2025 20:28:52 INFO  epoch 102 training [time: 9.11s, train loss: 6.0006]
Sun 20 Jul 2025 20:29:01 INFO  epoch 103 training [time: 8.98s, train loss: 5.8689]
Sun 20 Jul 2025 20:29:09 INFO  epoch 104 training [time: 8.79s, train loss: 5.8335]
Sun 20 Jul 2025 20:32:02 INFO  epoch 104 evaluating [time: 172.89s, valid_score: 0.051000]
Sun 20 Jul 2025 20:32:02 INFO  valid result: 
recall@10 : 0.049    mrr@10 : 0.051    ndcg@10 : 0.0347    hit@10 : 0.1335    precision@10 : 0.0155    map@10 : 0.0192    averagepopularity@10 : 524.6669
Sun 20 Jul 2025 20:32:03 INFO  Saving current: saved/BPR-Jul-20-2025_19-46-12.pth
Sun 20 Jul 2025 20:32:12 INFO  epoch 105 training [time: 8.91s, train loss: 5.8081]
Sun 20 Jul 2025 20:32:22 INFO  epoch 106 training [time: 10.08s, train loss: 5.7322]
Sun 20 Jul 2025 20:32:32 INFO  epoch 107 training [time: 10.65s, train loss: 5.6528]
Sun 20 Jul 2025 20:32:41 INFO  epoch 108 training [time: 8.45s, train loss: 5.6615]
Sun 20 Jul 2025 20:32:48 INFO  epoch 109 training [time: 7.50s, train loss: 5.5661]
Sun 20 Jul 2025 20:35:36 INFO  epoch 109 evaluating [time: 167.56s, valid_score: 0.051000]
Sun 20 Jul 2025 20:35:36 INFO  valid result: 
recall@10 : 0.049    mrr@10 : 0.051    ndcg@10 : 0.0347    hit@10 : 0.1334    precision@10 : 0.0155    map@10 : 0.0191    averagepopularity@10 : 511.6508
Sun 20 Jul 2025 20:35:36 INFO  Saving current: saved/BPR-Jul-20-2025_19-46-12.pth
Sun 20 Jul 2025 20:35:45 INFO  epoch 110 training [time: 8.88s, train loss: 5.4669]
Sun 20 Jul 2025 20:35:54 INFO  epoch 111 training [time: 9.12s, train loss: 5.4753]
Sun 20 Jul 2025 20:36:08 INFO  epoch 112 training [time: 14.40s, train loss: 5.3871]
Sun 20 Jul 2025 20:36:17 INFO  epoch 113 training [time: 8.13s, train loss: 5.3197]
Sun 20 Jul 2025 20:36:26 INFO  epoch 114 training [time: 9.85s, train loss: 5.2615]
Sun 20 Jul 2025 20:39:25 INFO  epoch 114 evaluating [time: 178.33s, valid_score: 0.052000]
Sun 20 Jul 2025 20:39:25 INFO  valid result: 
recall@10 : 0.0499    mrr@10 : 0.052    ndcg@10 : 0.0354    hit@10 : 0.135    precision@10 : 0.0157    map@10 : 0.0197    averagepopularity@10 : 504.2308
Sun 20 Jul 2025 20:39:25 INFO  Saving current: saved/BPR-Jul-20-2025_19-46-12.pth
Sun 20 Jul 2025 20:39:33 INFO  epoch 115 training [time: 8.57s, train loss: 5.2237]
Sun 20 Jul 2025 20:39:42 INFO  epoch 116 training [time: 8.46s, train loss: 5.1715]
Sun 20 Jul 2025 20:39:50 INFO  epoch 117 training [time: 8.22s, train loss: 5.1395]
Sun 20 Jul 2025 20:40:00 INFO  epoch 118 training [time: 9.85s, train loss: 5.0175]
Sun 20 Jul 2025 20:40:08 INFO  epoch 119 training [time: 8.20s, train loss: 5.0290]
Sun 20 Jul 2025 20:42:57 INFO  epoch 119 evaluating [time: 168.65s, valid_score: 0.052800]
Sun 20 Jul 2025 20:42:57 INFO  valid result: 
recall@10 : 0.0504    mrr@10 : 0.0528    ndcg@10 : 0.0359    hit@10 : 0.1364    precision@10 : 0.0159    map@10 : 0.02    averagepopularity@10 : 506.256
Sun 20 Jul 2025 20:42:57 INFO  Saving current: saved/BPR-Jul-20-2025_19-46-12.pth
Sun 20 Jul 2025 20:43:08 INFO  epoch 120 training [time: 10.43s, train loss: 4.9330]
Sun 20 Jul 2025 20:43:21 INFO  epoch 121 training [time: 13.09s, train loss: 4.9066]
Sun 20 Jul 2025 20:43:32 INFO  epoch 122 training [time: 10.96s, train loss: 4.8905]
Sun 20 Jul 2025 20:43:42 INFO  epoch 123 training [time: 9.93s, train loss: 4.8496]
Sun 20 Jul 2025 20:43:50 INFO  epoch 124 training [time: 8.82s, train loss: 4.8318]
Sun 20 Jul 2025 20:46:41 INFO  epoch 124 evaluating [time: 170.73s, valid_score: 0.052700]
Sun 20 Jul 2025 20:46:41 INFO  valid result: 
recall@10 : 0.0506    mrr@10 : 0.0527    ndcg@10 : 0.0359    hit@10 : 0.1365    precision@10 : 0.0159    map@10 : 0.02    averagepopularity@10 : 494.3272
Sun 20 Jul 2025 20:46:48 INFO  epoch 125 training [time: 6.91s, train loss: 4.8221]
Sun 20 Jul 2025 20:46:56 INFO  epoch 126 training [time: 8.15s, train loss: 4.7231]
Sun 20 Jul 2025 20:47:03 INFO  epoch 127 training [time: 6.85s, train loss: 4.6503]
Sun 20 Jul 2025 20:47:11 INFO  epoch 128 training [time: 7.70s, train loss: 4.6419]
Sun 20 Jul 2025 20:47:24 INFO  epoch 129 training [time: 12.78s, train loss: 4.6285]
Sun 20 Jul 2025 20:48:59 INFO  epoch 129 evaluating [time: 95.45s, valid_score: 0.053300]
Sun 20 Jul 2025 20:48:59 INFO  valid result: 
recall@10 : 0.0511    mrr@10 : 0.0533    ndcg@10 : 0.0364    hit@10 : 0.1375    precision@10 : 0.0161    map@10 : 0.0204    averagepopularity@10 : 485.9695
Sun 20 Jul 2025 20:48:59 INFO  Saving current: saved/BPR-Jul-20-2025_19-46-12.pth
Sun 20 Jul 2025 20:49:06 INFO  epoch 130 training [time: 7.10s, train loss: 4.5934]
Sun 20 Jul 2025 20:49:16 INFO  epoch 131 training [time: 9.67s, train loss: 4.5258]
Sun 20 Jul 2025 20:49:24 INFO  epoch 132 training [time: 8.14s, train loss: 4.4826]
Sun 20 Jul 2025 20:49:31 INFO  epoch 133 training [time: 6.95s, train loss: 4.4371]
Sun 20 Jul 2025 20:49:38 INFO  epoch 134 training [time: 6.53s, train loss: 4.4147]
Sun 20 Jul 2025 20:51:13 INFO  epoch 134 evaluating [time: 94.79s, valid_score: 0.053700]
Sun 20 Jul 2025 20:51:13 INFO  valid result: 
recall@10 : 0.0515    mrr@10 : 0.0537    ndcg@10 : 0.0365    hit@10 : 0.1385    precision@10 : 0.0161    map@10 : 0.0204    averagepopularity@10 : 481.4912
Sun 20 Jul 2025 20:51:13 INFO  Saving current: saved/BPR-Jul-20-2025_19-46-12.pth
Sun 20 Jul 2025 20:51:21 INFO  epoch 135 training [time: 8.06s, train loss: 4.3221]
Sun 20 Jul 2025 20:51:27 INFO  epoch 136 training [time: 6.62s, train loss: 4.3671]
Sun 20 Jul 2025 20:51:38 INFO  epoch 137 training [time: 11.04s, train loss: 4.3278]
Sun 20 Jul 2025 20:51:50 INFO  epoch 138 training [time: 11.29s, train loss: 4.2411]
Sun 20 Jul 2025 20:52:00 INFO  epoch 139 training [time: 10.17s, train loss: 4.2664]
Sun 20 Jul 2025 20:53:39 INFO  epoch 139 evaluating [time: 98.62s, valid_score: 0.054200]
Sun 20 Jul 2025 20:53:39 INFO  valid result: 
recall@10 : 0.052    mrr@10 : 0.0542    ndcg@10 : 0.037    hit@10 : 0.1387    precision@10 : 0.0163    map@10 : 0.0207    averagepopularity@10 : 467.3748
Sun 20 Jul 2025 20:53:39 INFO  Saving current: saved/BPR-Jul-20-2025_19-46-12.pth
Sun 20 Jul 2025 20:53:52 INFO  epoch 140 training [time: 13.58s, train loss: 4.2241]
Sun 20 Jul 2025 20:54:03 INFO  epoch 141 training [time: 10.27s, train loss: 4.1654]
Sun 20 Jul 2025 20:54:10 INFO  epoch 142 training [time: 7.06s, train loss: 4.1085]
Sun 20 Jul 2025 20:54:17 INFO  epoch 143 training [time: 7.68s, train loss: 4.1588]
Sun 20 Jul 2025 20:54:26 INFO  epoch 144 training [time: 8.32s, train loss: 4.0645]
Sun 20 Jul 2025 20:56:00 INFO  epoch 144 evaluating [time: 94.43s, valid_score: 0.054400]
Sun 20 Jul 2025 20:56:00 INFO  valid result: 
recall@10 : 0.0522    mrr@10 : 0.0544    ndcg@10 : 0.0371    hit@10 : 0.1399    precision@10 : 0.0163    map@10 : 0.0208    averagepopularity@10 : 453.1122
Sun 20 Jul 2025 20:56:00 INFO  Saving current: saved/BPR-Jul-20-2025_19-46-12.pth
Sun 20 Jul 2025 20:56:06 INFO  epoch 145 training [time: 5.03s, train loss: 4.0612]
Sun 20 Jul 2025 20:56:11 INFO  epoch 146 training [time: 5.97s, train loss: 4.0288]
Sun 20 Jul 2025 20:56:18 INFO  epoch 147 training [time: 6.88s, train loss: 4.0054]
Sun 20 Jul 2025 20:56:28 INFO  epoch 148 training [time: 9.30s, train loss: 3.9611]
Sun 20 Jul 2025 20:56:36 INFO  epoch 149 training [time: 8.74s, train loss: 3.9286]
Sun 20 Jul 2025 20:58:15 INFO  epoch 149 evaluating [time: 98.27s, valid_score: 0.054900]
Sun 20 Jul 2025 20:58:15 INFO  valid result: 
recall@10 : 0.0525    mrr@10 : 0.0549    ndcg@10 : 0.0375    hit@10 : 0.1397    precision@10 : 0.0163    map@10 : 0.0211    averagepopularity@10 : 462.4006
Sun 20 Jul 2025 20:58:15 INFO  Saving current: saved/BPR-Jul-20-2025_19-46-12.pth
Sun 20 Jul 2025 20:58:23 INFO  epoch 150 training [time: 8.22s, train loss: 3.9121]
Sun 20 Jul 2025 20:58:29 INFO  epoch 151 training [time: 6.25s, train loss: 3.8603]
Sun 20 Jul 2025 20:58:36 INFO  epoch 152 training [time: 6.20s, train loss: 3.8561]
Sun 20 Jul 2025 20:58:43 INFO  epoch 153 training [time: 7.85s, train loss: 3.8526]
Sun 20 Jul 2025 20:58:51 INFO  epoch 154 training [time: 8.03s, train loss: 3.8151]
Sun 20 Jul 2025 21:00:31 INFO  epoch 154 evaluating [time: 99.35s, valid_score: 0.054600]
Sun 20 Jul 2025 21:00:31 INFO  valid result: 
recall@10 : 0.053    mrr@10 : 0.0546    ndcg@10 : 0.0375    hit@10 : 0.1409    precision@10 : 0.0164    map@10 : 0.021    averagepopularity@10 : 439.5478
Sun 20 Jul 2025 21:00:40 INFO  epoch 155 training [time: 9.49s, train loss: 3.8177]
Sun 20 Jul 2025 21:00:53 INFO  epoch 156 training [time: 12.31s, train loss: 3.7134]
Sun 20 Jul 2025 21:01:04 INFO  epoch 157 training [time: 10.95s, train loss: 3.7347]
Sun 20 Jul 2025 21:01:12 INFO  epoch 158 training [time: 8.84s, train loss: 3.7522]
Sun 20 Jul 2025 21:01:20 INFO  epoch 159 training [time: 7.85s, train loss: 3.6832]
Sun 20 Jul 2025 21:02:59 INFO  epoch 159 evaluating [time: 99.11s, valid_score: 0.055100]
Sun 20 Jul 2025 21:02:59 INFO  valid result: 
recall@10 : 0.0538    mrr@10 : 0.0551    ndcg@10 : 0.0379    hit@10 : 0.1422    precision@10 : 0.0165    map@10 : 0.0213    averagepopularity@10 : 446.4871
Sun 20 Jul 2025 21:03:00 INFO  Saving current: saved/BPR-Jul-20-2025_19-46-12.pth
Sun 20 Jul 2025 21:03:09 INFO  epoch 160 training [time: 9.08s, train loss: 3.6880]
Sun 20 Jul 2025 21:03:17 INFO  epoch 161 training [time: 7.95s, train loss: 3.6493]
Sun 20 Jul 2025 21:03:27 INFO  epoch 162 training [time: 10.43s, train loss: 3.6186]
Sun 20 Jul 2025 21:03:39 INFO  epoch 163 training [time: 12.34s, train loss: 3.5828]
Sun 20 Jul 2025 21:03:50 INFO  epoch 164 training [time: 10.68s, train loss: 3.5820]
Sun 20 Jul 2025 21:05:25 INFO  epoch 164 evaluating [time: 94.63s, valid_score: 0.054600]
Sun 20 Jul 2025 21:05:25 INFO  valid result: 
recall@10 : 0.053    mrr@10 : 0.0546    ndcg@10 : 0.0376    hit@10 : 0.1403    precision@10 : 0.0163    map@10 : 0.0212    averagepopularity@10 : 429.1574
Sun 20 Jul 2025 21:05:33 INFO  epoch 165 training [time: 8.69s, train loss: 3.5821]
Sun 20 Jul 2025 21:05:41 INFO  epoch 166 training [time: 7.19s, train loss: 3.5233]
Sun 20 Jul 2025 21:05:49 INFO  epoch 167 training [time: 8.07s, train loss: 3.5297]
Sun 20 Jul 2025 21:05:57 INFO  epoch 168 training [time: 8.79s, train loss: 3.5299]
Sun 20 Jul 2025 21:06:07 INFO  epoch 169 training [time: 9.49s, train loss: 3.4902]
Sun 20 Jul 2025 21:07:47 INFO  epoch 169 evaluating [time: 100.31s, valid_score: 0.054800]
Sun 20 Jul 2025 21:07:47 INFO  valid result: 
recall@10 : 0.0533    mrr@10 : 0.0548    ndcg@10 : 0.0378    hit@10 : 0.1407    precision@10 : 0.0164    map@10 : 0.0213    averagepopularity@10 : 428.7681
Sun 20 Jul 2025 21:07:56 INFO  epoch 170 training [time: 8.63s, train loss: 3.4363]
Sun 20 Jul 2025 21:08:04 INFO  epoch 171 training [time: 8.59s, train loss: 3.4211]
Sun 20 Jul 2025 21:08:13 INFO  epoch 172 training [time: 8.38s, train loss: 3.4040]
Sun 20 Jul 2025 21:08:19 INFO  epoch 173 training [time: 5.96s, train loss: 3.3807]
Sun 20 Jul 2025 21:08:25 INFO  epoch 174 training [time: 6.28s, train loss: 3.3480]
Sun 20 Jul 2025 21:10:05 INFO  epoch 174 evaluating [time: 100.00s, valid_score: 0.055200]
Sun 20 Jul 2025 21:10:05 INFO  valid result: 
recall@10 : 0.0537    mrr@10 : 0.0552    ndcg@10 : 0.038    hit@10 : 0.1417    precision@10 : 0.0164    map@10 : 0.0215    averagepopularity@10 : 427.6077
Sun 20 Jul 2025 21:10:05 INFO  Saving current: saved/BPR-Jul-20-2025_19-46-12.pth
Sun 20 Jul 2025 21:10:19 INFO  epoch 175 training [time: 13.74s, train loss: 3.3515]
Sun 20 Jul 2025 21:10:26 INFO  epoch 176 training [time: 7.21s, train loss: 3.3396]
Sun 20 Jul 2025 21:10:34 INFO  epoch 177 training [time: 7.76s, train loss: 3.3258]
Sun 20 Jul 2025 21:10:44 INFO  epoch 178 training [time: 9.61s, train loss: 3.3160]
Sun 20 Jul 2025 21:10:52 INFO  epoch 179 training [time: 8.66s, train loss: 3.2834]
Sun 20 Jul 2025 21:12:27 INFO  epoch 179 evaluating [time: 94.36s, valid_score: 0.055500]
Sun 20 Jul 2025 21:12:27 INFO  valid result: 
recall@10 : 0.0547    mrr@10 : 0.0555    ndcg@10 : 0.0384    hit@10 : 0.1432    precision@10 : 0.0166    map@10 : 0.0216    averagepopularity@10 : 417.189
Sun 20 Jul 2025 21:12:27 INFO  Saving current: saved/BPR-Jul-20-2025_19-46-12.pth
Sun 20 Jul 2025 21:12:34 INFO  epoch 180 training [time: 7.63s, train loss: 3.3079]
Sun 20 Jul 2025 21:12:43 INFO  epoch 181 training [time: 8.90s, train loss: 3.2372]
Sun 20 Jul 2025 21:12:52 INFO  epoch 182 training [time: 8.55s, train loss: 3.2468]
Sun 20 Jul 2025 21:13:00 INFO  epoch 183 training [time: 8.50s, train loss: 3.2169]
Sun 20 Jul 2025 21:13:08 INFO  epoch 184 training [time: 7.55s, train loss: 3.2022]
Sun 20 Jul 2025 21:14:44 INFO  epoch 184 evaluating [time: 96.01s, valid_score: 0.055100]
Sun 20 Jul 2025 21:14:44 INFO  valid result: 
recall@10 : 0.0543    mrr@10 : 0.0551    ndcg@10 : 0.0382    hit@10 : 0.1426    precision@10 : 0.0166    map@10 : 0.0214    averagepopularity@10 : 414.2627
Sun 20 Jul 2025 21:14:51 INFO  epoch 185 training [time: 7.26s, train loss: 3.1585]
Sun 20 Jul 2025 21:14:59 INFO  epoch 186 training [time: 7.61s, train loss: 3.1384]
Sun 20 Jul 2025 21:15:06 INFO  epoch 187 training [time: 7.14s, train loss: 3.1521]
Sun 20 Jul 2025 21:15:14 INFO  epoch 188 training [time: 8.50s, train loss: 3.1396]
Sun 20 Jul 2025 21:15:22 INFO  epoch 189 training [time: 7.65s, train loss: 3.1372]
Sun 20 Jul 2025 21:16:57 INFO  epoch 189 evaluating [time: 94.81s, valid_score: 0.055400]
Sun 20 Jul 2025 21:16:57 INFO  valid result: 
recall@10 : 0.0547    mrr@10 : 0.0554    ndcg@10 : 0.0385    hit@10 : 0.143    precision@10 : 0.0166    map@10 : 0.0217    averagepopularity@10 : 415.7046
Sun 20 Jul 2025 21:17:02 INFO  epoch 190 training [time: 5.22s, train loss: 3.1150]
Sun 20 Jul 2025 21:17:08 INFO  epoch 191 training [time: 6.19s, train loss: 3.1268]
Sun 20 Jul 2025 21:17:15 INFO  epoch 192 training [time: 7.13s, train loss: 3.0661]
Sun 20 Jul 2025 21:17:22 INFO  epoch 193 training [time: 6.27s, train loss: 3.0850]
Sun 20 Jul 2025 21:17:29 INFO  epoch 194 training [time: 6.74s, train loss: 3.0059]
Sun 20 Jul 2025 21:19:05 INFO  epoch 194 evaluating [time: 96.56s, valid_score: 0.056000]
Sun 20 Jul 2025 21:19:05 INFO  valid result: 
recall@10 : 0.0547    mrr@10 : 0.056    ndcg@10 : 0.0386    hit@10 : 0.1431    precision@10 : 0.0166    map@10 : 0.0218    averagepopularity@10 : 403.0605
Sun 20 Jul 2025 21:19:06 INFO  Saving current: saved/BPR-Jul-20-2025_19-46-12.pth
Sun 20 Jul 2025 21:19:16 INFO  epoch 195 training [time: 10.40s, train loss: 3.0069]
Sun 20 Jul 2025 21:19:27 INFO  epoch 196 training [time: 10.22s, train loss: 3.0569]
Sun 20 Jul 2025 21:19:36 INFO  epoch 197 training [time: 9.68s, train loss: 2.9876]
Sun 20 Jul 2025 21:19:46 INFO  epoch 198 training [time: 9.66s, train loss: 2.9649]
Sun 20 Jul 2025 21:20:00 INFO  epoch 199 training [time: 13.59s, train loss: 2.9697]
Sun 20 Jul 2025 21:21:35 INFO  epoch 199 evaluating [time: 95.08s, valid_score: 0.056000]
Sun 20 Jul 2025 21:21:35 INFO  valid result: 
recall@10 : 0.055    mrr@10 : 0.056    ndcg@10 : 0.0389    hit@10 : 0.1433    precision@10 : 0.0166    map@10 : 0.0221    averagepopularity@10 : 401.2136
Sun 20 Jul 2025 21:21:35 INFO  Saving current: saved/BPR-Jul-20-2025_19-46-12.pth
Sun 20 Jul 2025 21:21:42 INFO  epoch 200 training [time: 6.72s, train loss: 2.9290]
Sun 20 Jul 2025 21:21:48 INFO  epoch 201 training [time: 6.73s, train loss: 2.8817]
Sun 20 Jul 2025 21:21:54 INFO  epoch 202 training [time: 5.19s, train loss: 2.9206]
Sun 20 Jul 2025 21:22:00 INFO  epoch 203 training [time: 6.26s, train loss: 2.8955]
Sun 20 Jul 2025 21:22:07 INFO  epoch 204 training [time: 7.59s, train loss: 2.9471]
Sun 20 Jul 2025 21:23:48 INFO  epoch 204 evaluating [time: 100.73s, valid_score: 0.056300]
Sun 20 Jul 2025 21:23:48 INFO  valid result: 
recall@10 : 0.0552    mrr@10 : 0.0563    ndcg@10 : 0.039    hit@10 : 0.1437    precision@10 : 0.0167    map@10 : 0.0222    averagepopularity@10 : 397.7603
Sun 20 Jul 2025 21:23:48 INFO  Saving current: saved/BPR-Jul-20-2025_19-46-12.pth
Sun 20 Jul 2025 21:23:55 INFO  epoch 205 training [time: 6.81s, train loss: 2.8771]
Sun 20 Jul 2025 21:24:02 INFO  epoch 206 training [time: 6.32s, train loss: 2.8918]
Sun 20 Jul 2025 21:24:09 INFO  epoch 207 training [time: 7.70s, train loss: 2.8701]
Sun 20 Jul 2025 21:24:17 INFO  epoch 208 training [time: 7.83s, train loss: 2.8704]
Sun 20 Jul 2025 21:24:23 INFO  epoch 209 training [time: 6.42s, train loss: 2.8095]
Sun 20 Jul 2025 21:26:02 INFO  epoch 209 evaluating [time: 98.14s, valid_score: 0.056300]
Sun 20 Jul 2025 21:26:02 INFO  valid result: 
recall@10 : 0.0554    mrr@10 : 0.0563    ndcg@10 : 0.0391    hit@10 : 0.1442    precision@10 : 0.0167    map@10 : 0.0221    averagepopularity@10 : 395.6919
Sun 20 Jul 2025 21:26:02 INFO  Saving current: saved/BPR-Jul-20-2025_19-46-12.pth
Sun 20 Jul 2025 21:26:17 INFO  epoch 210 training [time: 15.04s, train loss: 2.8219]
Sun 20 Jul 2025 21:26:26 INFO  epoch 211 training [time: 9.27s, train loss: 2.8144]
Sun 20 Jul 2025 21:26:36 INFO  epoch 212 training [time: 10.13s, train loss: 2.8105]
Sun 20 Jul 2025 21:26:43 INFO  epoch 213 training [time: 6.94s, train loss: 2.7658]
Sun 20 Jul 2025 21:26:49 INFO  epoch 214 training [time: 5.78s, train loss: 2.8053]
Sun 20 Jul 2025 21:28:27 INFO  epoch 214 evaluating [time: 97.95s, valid_score: 0.056200]
Sun 20 Jul 2025 21:28:27 INFO  valid result: 
recall@10 : 0.0554    mrr@10 : 0.0562    ndcg@10 : 0.039    hit@10 : 0.1442    precision@10 : 0.0168    map@10 : 0.0221    averagepopularity@10 : 395.8383
Sun 20 Jul 2025 21:28:35 INFO  epoch 215 training [time: 8.49s, train loss: 2.7435]
Sun 20 Jul 2025 21:28:48 INFO  epoch 216 training [time: 12.60s, train loss: 2.7911]
Sun 20 Jul 2025 21:28:59 INFO  epoch 217 training [time: 10.64s, train loss: 2.7382]
Sun 20 Jul 2025 21:29:06 INFO  epoch 218 training [time: 7.00s, train loss: 2.7535]
Sun 20 Jul 2025 21:29:14 INFO  epoch 219 training [time: 8.42s, train loss: 2.7129]
Sun 20 Jul 2025 21:30:48 INFO  epoch 219 evaluating [time: 93.73s, valid_score: 0.056400]
Sun 20 Jul 2025 21:30:48 INFO  valid result: 
recall@10 : 0.0561    mrr@10 : 0.0564    ndcg@10 : 0.0393    hit@10 : 0.1453    precision@10 : 0.0169    map@10 : 0.0222    averagepopularity@10 : 381.6147
Sun 20 Jul 2025 21:30:48 INFO  Saving current: saved/BPR-Jul-20-2025_19-46-12.pth
Sun 20 Jul 2025 21:30:55 INFO  epoch 220 training [time: 7.22s, train loss: 2.7258]
Sun 20 Jul 2025 21:31:01 INFO  epoch 221 training [time: 5.72s, train loss: 2.7130]
Sun 20 Jul 2025 21:31:07 INFO  epoch 222 training [time: 5.47s, train loss: 2.7089]
Sun 20 Jul 2025 21:31:14 INFO  epoch 223 training [time: 7.26s, train loss: 2.6717]
Sun 20 Jul 2025 21:31:21 INFO  epoch 224 training [time: 7.18s, train loss: 2.6671]
Sun 20 Jul 2025 21:32:59 INFO  epoch 224 evaluating [time: 98.03s, valid_score: 0.056400]
Sun 20 Jul 2025 21:32:59 INFO  valid result: 
recall@10 : 0.0561    mrr@10 : 0.0564    ndcg@10 : 0.0394    hit@10 : 0.1452    precision@10 : 0.0168    map@10 : 0.0224    averagepopularity@10 : 381.88
Sun 20 Jul 2025 21:32:59 INFO  Saving current: saved/BPR-Jul-20-2025_19-46-12.pth
Sun 20 Jul 2025 21:33:08 INFO  epoch 225 training [time: 9.12s, train loss: 2.6939]
Sun 20 Jul 2025 21:33:18 INFO  epoch 226 training [time: 9.35s, train loss: 2.6476]
Sun 20 Jul 2025 21:33:29 INFO  epoch 227 training [time: 11.17s, train loss: 2.6529]
Sun 20 Jul 2025 21:33:38 INFO  epoch 228 training [time: 8.74s, train loss: 2.6425]
Sun 20 Jul 2025 21:33:45 INFO  epoch 229 training [time: 7.62s, train loss: 2.6156]
Sun 20 Jul 2025 21:35:23 INFO  epoch 229 evaluating [time: 97.89s, valid_score: 0.056100]
Sun 20 Jul 2025 21:35:23 INFO  valid result: 
recall@10 : 0.0556    mrr@10 : 0.0561    ndcg@10 : 0.0393    hit@10 : 0.1446    precision@10 : 0.0168    map@10 : 0.0224    averagepopularity@10 : 372.9668
Sun 20 Jul 2025 21:35:34 INFO  epoch 230 training [time: 11.35s, train loss: 2.6273]
Sun 20 Jul 2025 21:35:45 INFO  epoch 231 training [time: 10.32s, train loss: 2.6229]
Sun 20 Jul 2025 21:35:58 INFO  epoch 232 training [time: 13.60s, train loss: 2.6227]
Sun 20 Jul 2025 21:36:06 INFO  epoch 233 training [time: 8.03s, train loss: 2.6214]
Sun 20 Jul 2025 21:36:14 INFO  epoch 234 training [time: 7.45s, train loss: 2.6107]
Sun 20 Jul 2025 21:37:50 INFO  epoch 234 evaluating [time: 96.46s, valid_score: 0.056100]
Sun 20 Jul 2025 21:37:50 INFO  valid result: 
recall@10 : 0.0559    mrr@10 : 0.0561    ndcg@10 : 0.0392    hit@10 : 0.1454    precision@10 : 0.0169    map@10 : 0.0222    averagepopularity@10 : 370.3699
Sun 20 Jul 2025 21:37:57 INFO  epoch 235 training [time: 6.45s, train loss: 2.5909]
Sun 20 Jul 2025 21:38:03 INFO  epoch 236 training [time: 6.09s, train loss: 2.5544]
Sun 20 Jul 2025 21:38:09 INFO  epoch 237 training [time: 6.12s, train loss: 2.5785]
Sun 20 Jul 2025 21:38:17 INFO  epoch 238 training [time: 7.88s, train loss: 2.5453]
Sun 20 Jul 2025 21:38:23 INFO  epoch 239 training [time: 6.49s, train loss: 2.5312]
Sun 20 Jul 2025 21:40:01 INFO  epoch 239 evaluating [time: 97.37s, valid_score: 0.056400]
Sun 20 Jul 2025 21:40:01 INFO  valid result: 
recall@10 : 0.0565    mrr@10 : 0.0564    ndcg@10 : 0.0395    hit@10 : 0.1461    precision@10 : 0.017    map@10 : 0.0223    averagepopularity@10 : 374.5676
Sun 20 Jul 2025 21:40:01 INFO  Saving current: saved/BPR-Jul-20-2025_19-46-12.pth
Sun 20 Jul 2025 21:40:08 INFO  epoch 240 training [time: 6.92s, train loss: 2.5342]
Sun 20 Jul 2025 21:40:14 INFO  epoch 241 training [time: 5.67s, train loss: 2.5062]
Sun 20 Jul 2025 21:40:19 INFO  epoch 242 training [time: 5.73s, train loss: 2.5439]
Sun 20 Jul 2025 21:40:25 INFO  epoch 243 training [time: 5.63s, train loss: 2.4907]
Sun 20 Jul 2025 21:40:30 INFO  epoch 244 training [time: 5.53s, train loss: 2.4710]
Sun 20 Jul 2025 21:42:06 INFO  epoch 244 evaluating [time: 95.59s, valid_score: 0.055900]
Sun 20 Jul 2025 21:42:06 INFO  valid result: 
recall@10 : 0.0559    mrr@10 : 0.0559    ndcg@10 : 0.0392    hit@10 : 0.1446    precision@10 : 0.0168    map@10 : 0.0222    averagepopularity@10 : 365.4573
Sun 20 Jul 2025 21:42:18 INFO  epoch 245 training [time: 11.82s, train loss: 2.5265]
Sun 20 Jul 2025 21:42:28 INFO  epoch 246 training [time: 9.95s, train loss: 2.4732]
Sun 20 Jul 2025 21:42:37 INFO  epoch 247 training [time: 8.91s, train loss: 2.4385]
Sun 20 Jul 2025 21:42:52 INFO  epoch 248 training [time: 15.33s, train loss: 2.4174]
Sun 20 Jul 2025 21:42:59 INFO  epoch 249 training [time: 6.92s, train loss: 2.4849]
Sun 20 Jul 2025 21:44:39 INFO  epoch 249 evaluating [time: 100.00s, valid_score: 0.056100]
Sun 20 Jul 2025 21:44:39 INFO  valid result: 
recall@10 : 0.0559    mrr@10 : 0.0561    ndcg@10 : 0.0392    hit@10 : 0.145    precision@10 : 0.0168    map@10 : 0.0222    averagepopularity@10 : 363.6297
Sun 20 Jul 2025 21:44:45 INFO  epoch 250 training [time: 6.17s, train loss: 2.4557]
Sun 20 Jul 2025 21:44:51 INFO  epoch 251 training [time: 5.39s, train loss: 2.4534]
Sun 20 Jul 2025 21:44:56 INFO  epoch 252 training [time: 5.34s, train loss: 2.4312]
Sun 20 Jul 2025 21:45:02 INFO  epoch 253 training [time: 6.20s, train loss: 2.4261]
Sun 20 Jul 2025 21:45:08 INFO  epoch 254 training [time: 6.34s, train loss: 2.3909]
Sun 20 Jul 2025 21:46:44 INFO  epoch 254 evaluating [time: 95.42s, valid_score: 0.056300]
Sun 20 Jul 2025 21:46:44 INFO  valid result: 
recall@10 : 0.056    mrr@10 : 0.0563    ndcg@10 : 0.0394    hit@10 : 0.1447    precision@10 : 0.0168    map@10 : 0.0224    averagepopularity@10 : 365.341
Sun 20 Jul 2025 21:46:51 INFO  epoch 255 training [time: 7.24s, train loss: 2.4265]
Sun 20 Jul 2025 21:46:57 INFO  epoch 256 training [time: 5.92s, train loss: 2.4147]
Sun 20 Jul 2025 21:47:03 INFO  epoch 257 training [time: 5.59s, train loss: 2.4386]
Sun 20 Jul 2025 21:47:09 INFO  epoch 258 training [time: 6.47s, train loss: 2.4199]
Sun 20 Jul 2025 21:47:17 INFO  epoch 259 training [time: 7.51s, train loss: 2.3927]
Sun 20 Jul 2025 21:48:53 INFO  epoch 259 evaluating [time: 96.78s, valid_score: 0.056300]
Sun 20 Jul 2025 21:48:53 INFO  valid result: 
recall@10 : 0.0554    mrr@10 : 0.0563    ndcg@10 : 0.0393    hit@10 : 0.1441    precision@10 : 0.0167    map@10 : 0.0224    averagepopularity@10 : 357.0079
Sun 20 Jul 2025 21:49:01 INFO  epoch 260 training [time: 7.68s, train loss: 2.4016]
Sun 20 Jul 2025 21:49:10 INFO  epoch 261 training [time: 9.38s, train loss: 2.3720]
Sun 20 Jul 2025 21:49:23 INFO  epoch 262 training [time: 12.82s, train loss: 2.3550]
Sun 20 Jul 2025 21:49:32 INFO  epoch 263 training [time: 9.15s, train loss: 2.3678]
Sun 20 Jul 2025 21:49:40 INFO  epoch 264 training [time: 7.77s, train loss: 2.3277]
Sun 20 Jul 2025 21:51:17 INFO  epoch 264 evaluating [time: 96.46s, valid_score: 0.056700]
Sun 20 Jul 2025 21:51:17 INFO  valid result: 
recall@10 : 0.0563    mrr@10 : 0.0567    ndcg@10 : 0.0397    hit@10 : 0.1446    precision@10 : 0.0167    map@10 : 0.0227    averagepopularity@10 : 355.2649
Sun 20 Jul 2025 21:51:17 INFO  Saving current: saved/BPR-Jul-20-2025_19-46-12.pth
Sun 20 Jul 2025 21:51:24 INFO  epoch 265 training [time: 7.30s, train loss: 2.3823]
Sun 20 Jul 2025 21:51:31 INFO  epoch 266 training [time: 6.85s, train loss: 2.3556]
Sun 20 Jul 2025 21:51:41 INFO  epoch 267 training [time: 10.19s, train loss: 2.2987]
Sun 20 Jul 2025 21:51:52 INFO  epoch 268 training [time: 11.02s, train loss: 2.3278]
Sun 20 Jul 2025 21:51:59 INFO  epoch 269 training [time: 6.98s, train loss: 2.3241]
Sun 20 Jul 2025 21:53:36 INFO  epoch 269 evaluating [time: 97.18s, valid_score: 0.057100]
Sun 20 Jul 2025 21:53:36 INFO  valid result: 
recall@10 : 0.0564    mrr@10 : 0.0571    ndcg@10 : 0.0399    hit@10 : 0.1459    precision@10 : 0.0169    map@10 : 0.0228    averagepopularity@10 : 363.9283
Sun 20 Jul 2025 21:53:37 INFO  Saving current: saved/BPR-Jul-20-2025_19-46-12.pth
Sun 20 Jul 2025 21:53:42 INFO  epoch 270 training [time: 5.93s, train loss: 2.3303]
Sun 20 Jul 2025 21:53:48 INFO  epoch 271 training [time: 5.79s, train loss: 2.3024]
Sun 20 Jul 2025 21:53:54 INFO  epoch 272 training [time: 5.87s, train loss: 2.2963]
Sun 20 Jul 2025 21:54:01 INFO  epoch 273 training [time: 7.14s, train loss: 2.3284]
Sun 20 Jul 2025 21:54:09 INFO  epoch 274 training [time: 7.56s, train loss: 2.2754]
Sun 20 Jul 2025 21:55:44 INFO  epoch 274 evaluating [time: 95.54s, valid_score: 0.056700]
Sun 20 Jul 2025 21:55:44 INFO  valid result: 
recall@10 : 0.0562    mrr@10 : 0.0567    ndcg@10 : 0.0396    hit@10 : 0.1449    precision@10 : 0.0168    map@10 : 0.0226    averagepopularity@10 : 355.2146
Sun 20 Jul 2025 21:55:53 INFO  epoch 275 training [time: 8.49s, train loss: 2.2979]
Sun 20 Jul 2025 21:56:01 INFO  epoch 276 training [time: 7.81s, train loss: 2.2445]
Sun 20 Jul 2025 21:56:11 INFO  epoch 277 training [time: 9.92s, train loss: 2.2964]
Sun 20 Jul 2025 21:56:17 INFO  epoch 278 training [time: 6.42s, train loss: 2.3060]
Sun 20 Jul 2025 21:56:22 INFO  epoch 279 training [time: 4.96s, train loss: 2.2540]
Sun 20 Jul 2025 21:57:59 INFO  epoch 279 evaluating [time: 96.79s, valid_score: 0.056800]
Sun 20 Jul 2025 21:57:59 INFO  valid result: 
recall@10 : 0.0568    mrr@10 : 0.0568    ndcg@10 : 0.0399    hit@10 : 0.146    precision@10 : 0.0169    map@10 : 0.0228    averagepopularity@10 : 357.9176
Sun 20 Jul 2025 21:58:11 INFO  epoch 280 training [time: 12.00s, train loss: 2.2186]
Sun 20 Jul 2025 21:58:21 INFO  epoch 281 training [time: 10.44s, train loss: 2.2907]
Sun 20 Jul 2025 21:58:32 INFO  epoch 282 training [time: 10.95s, train loss: 2.2544]
Sun 20 Jul 2025 21:58:43 INFO  epoch 283 training [time: 11.26s, train loss: 2.2273]
Sun 20 Jul 2025 21:58:53 INFO  epoch 284 training [time: 9.68s, train loss: 2.2053]
Sun 20 Jul 2025 22:00:34 INFO  epoch 284 evaluating [time: 100.79s, valid_score: 0.056500]
Sun 20 Jul 2025 22:00:34 INFO  valid result: 
recall@10 : 0.0567    mrr@10 : 0.0565    ndcg@10 : 0.0397    hit@10 : 0.146    precision@10 : 0.0169    map@10 : 0.0227    averagepopularity@10 : 352.9398
Sun 20 Jul 2025 22:00:41 INFO  epoch 285 training [time: 7.31s, train loss: 2.2662]
Sun 20 Jul 2025 22:00:46 INFO  epoch 286 training [time: 4.60s, train loss: 2.2050]
Sun 20 Jul 2025 22:00:51 INFO  epoch 287 training [time: 5.34s, train loss: 2.1965]
Sun 20 Jul 2025 22:00:57 INFO  epoch 288 training [time: 6.27s, train loss: 2.2319]
Sun 20 Jul 2025 22:01:06 INFO  epoch 289 training [time: 8.59s, train loss: 2.2028]
Sun 20 Jul 2025 22:02:45 INFO  epoch 289 evaluating [time: 98.60s, valid_score: 0.056300]
Sun 20 Jul 2025 22:02:45 INFO  valid result: 
recall@10 : 0.0566    mrr@10 : 0.0563    ndcg@10 : 0.0397    hit@10 : 0.1454    precision@10 : 0.0169    map@10 : 0.0227    averagepopularity@10 : 345.3194
Sun 20 Jul 2025 22:02:52 INFO  epoch 290 training [time: 7.69s, train loss: 2.2080]
Sun 20 Jul 2025 22:02:58 INFO  epoch 291 training [time: 5.67s, train loss: 2.2250]
Sun 20 Jul 2025 22:03:04 INFO  epoch 292 training [time: 5.70s, train loss: 2.1881]
Sun 20 Jul 2025 22:03:09 INFO  epoch 293 training [time: 5.13s, train loss: 2.1768]
Sun 20 Jul 2025 22:03:16 INFO  epoch 294 training [time: 6.80s, train loss: 2.2087]
Sun 20 Jul 2025 22:04:49 INFO  epoch 294 evaluating [time: 93.87s, valid_score: 0.056200]
Sun 20 Jul 2025 22:04:49 INFO  valid result: 
recall@10 : 0.057    mrr@10 : 0.0562    ndcg@10 : 0.0398    hit@10 : 0.1457    precision@10 : 0.0169    map@10 : 0.0227    averagepopularity@10 : 348.2843
Sun 20 Jul 2025 22:04:57 INFO  epoch 295 training [time: 8.03s, train loss: 2.1651]
Sun 20 Jul 2025 22:05:06 INFO  epoch 296 training [time: 8.16s, train loss: 2.1295]
Sun 20 Jul 2025 22:05:12 INFO  epoch 297 training [time: 6.35s, train loss: 2.1592]
Sun 20 Jul 2025 22:05:20 INFO  epoch 298 training [time: 7.88s, train loss: 2.1872]
Sun 20 Jul 2025 22:05:26 INFO  epoch 299 training [time: 6.60s, train loss: 2.1363]
Sun 20 Jul 2025 22:07:04 INFO  epoch 299 evaluating [time: 97.22s, valid_score: 0.056100]
Sun 20 Jul 2025 22:07:04 INFO  valid result: 
recall@10 : 0.0565    mrr@10 : 0.0561    ndcg@10 : 0.0396    hit@10 : 0.1453    precision@10 : 0.0169    map@10 : 0.0225    averagepopularity@10 : 335.0054
Sun 20 Jul 2025 22:07:10 INFO  epoch 300 training [time: 5.86s, train loss: 2.1129]
Sun 20 Jul 2025 22:07:17 INFO  epoch 301 training [time: 7.34s, train loss: 2.1761]
Sun 20 Jul 2025 22:07:24 INFO  epoch 302 training [time: 7.43s, train loss: 2.1292]
Sun 20 Jul 2025 22:07:29 INFO  epoch 303 training [time: 4.91s, train loss: 2.1394]
Sun 20 Jul 2025 22:07:36 INFO  epoch 304 training [time: 6.34s, train loss: 2.1393]
Sun 20 Jul 2025 22:09:08 INFO  epoch 304 evaluating [time: 92.40s, valid_score: 0.056400]
Sun 20 Jul 2025 22:09:08 INFO  valid result: 
recall@10 : 0.0567    mrr@10 : 0.0564    ndcg@10 : 0.0398    hit@10 : 0.1462    precision@10 : 0.0169    map@10 : 0.0227    averagepopularity@10 : 334.8575
Sun 20 Jul 2025 22:09:16 INFO  epoch 305 training [time: 7.74s, train loss: 2.0998]
Sun 20 Jul 2025 22:09:22 INFO  epoch 306 training [time: 6.54s, train loss: 2.1581]
Sun 20 Jul 2025 22:09:29 INFO  epoch 307 training [time: 6.84s, train loss: 2.1229]
Sun 20 Jul 2025 22:09:35 INFO  epoch 308 training [time: 5.45s, train loss: 2.1171]
Sun 20 Jul 2025 22:09:41 INFO  epoch 309 training [time: 6.26s, train loss: 2.1108]
Sun 20 Jul 2025 22:11:15 INFO  epoch 309 evaluating [time: 94.22s, valid_score: 0.056800]
Sun 20 Jul 2025 22:11:15 INFO  valid result: 
recall@10 : 0.057    mrr@10 : 0.0568    ndcg@10 : 0.04    hit@10 : 0.1465    precision@10 : 0.017    map@10 : 0.0228    averagepopularity@10 : 334.9828
Sun 20 Jul 2025 22:11:24 INFO  epoch 310 training [time: 9.04s, train loss: 2.0937]
Sun 20 Jul 2025 22:11:32 INFO  epoch 311 training [time: 7.83s, train loss: 2.0986]
Sun 20 Jul 2025 22:11:39 INFO  epoch 312 training [time: 6.92s, train loss: 2.1030]
Sun 20 Jul 2025 22:11:44 INFO  epoch 313 training [time: 4.92s, train loss: 2.0848]
Sun 20 Jul 2025 22:11:49 INFO  epoch 314 training [time: 5.24s, train loss: 2.0897]
Sun 20 Jul 2025 22:13:26 INFO  epoch 314 evaluating [time: 96.92s, valid_score: 0.056800]
Sun 20 Jul 2025 22:13:26 INFO  valid result: 
recall@10 : 0.0572    mrr@10 : 0.0568    ndcg@10 : 0.0401    hit@10 : 0.1465    precision@10 : 0.017    map@10 : 0.023    averagepopularity@10 : 335.2781
Sun 20 Jul 2025 22:13:36 INFO  epoch 315 training [time: 10.47s, train loss: 2.0767]
Sun 20 Jul 2025 22:13:48 INFO  epoch 316 training [time: 11.21s, train loss: 2.0747]
Sun 20 Jul 2025 22:13:57 INFO  epoch 317 training [time: 9.78s, train loss: 2.0617]
Sun 20 Jul 2025 22:14:05 INFO  epoch 318 training [time: 7.44s, train loss: 2.0952]
Sun 20 Jul 2025 22:14:12 INFO  epoch 319 training [time: 7.65s, train loss: 2.0998]
Sun 20 Jul 2025 22:15:52 INFO  epoch 319 evaluating [time: 99.81s, valid_score: 0.056700]
Sun 20 Jul 2025 22:15:52 INFO  valid result: 
recall@10 : 0.0568    mrr@10 : 0.0567    ndcg@10 : 0.04    hit@10 : 0.1452    precision@10 : 0.0169    map@10 : 0.0229    averagepopularity@10 : 334.5847
Sun 20 Jul 2025 22:16:01 INFO  epoch 320 training [time: 9.05s, train loss: 2.0379]
Sun 20 Jul 2025 22:16:08 INFO  epoch 321 training [time: 6.61s, train loss: 2.0716]
Sun 20 Jul 2025 22:16:13 INFO  epoch 322 training [time: 4.68s, train loss: 2.0750]
Sun 20 Jul 2025 22:16:18 INFO  epoch 323 training [time: 4.98s, train loss: 2.0735]
Sun 20 Jul 2025 22:16:22 INFO  epoch 324 training [time: 4.52s, train loss: 2.0330]
Sun 20 Jul 2025 22:17:55 INFO  epoch 324 evaluating [time: 92.61s, valid_score: 0.056400]
Sun 20 Jul 2025 22:17:55 INFO  valid result: 
recall@10 : 0.0566    mrr@10 : 0.0564    ndcg@10 : 0.0397    hit@10 : 0.1449    precision@10 : 0.0168    map@10 : 0.0227    averagepopularity@10 : 334.949
Sun 20 Jul 2025 22:17:55 INFO  Finished training, best eval result in epoch 269
Sun 20 Jul 2025 22:17:55 INFO  Loading model structure and parameters from saved/BPR-Jul-20-2025_19-46-12.pth
Sun 20 Jul 2025 22:19:31 INFO  The running environment of this training is as follows:
+-------------+-----------------+
| Environment |      Usage      |
+=============+=================+
| CPU         |     99.20 %     |
+-------------+-----------------+
| GPU         | 0.40 G/23.64 G  |
+-------------+-----------------+
| Memory      | 2.74 G/503.57 G |
+-------------+-----------------+
Sun 20 Jul 2025 22:19:31 INFO  best valid : OrderedDict([('recall@10', 0.0564), ('mrr@10', 0.0571), ('ndcg@10', 0.0399), ('hit@10', 0.1459), ('precision@10', 0.0169), ('map@10', 0.0228), ('averagepopularity@10', 363.9283)])
Sun 20 Jul 2025 22:19:31 INFO  test result: OrderedDict([('recall@10', 0.0577), ('mrr@10', 0.0588), ('ndcg@10', 0.041), ('hit@10', 0.1478), ('precision@10', 0.0173), ('map@10', 0.0236), ('averagepopularity@10', 362.3952)])
